<?xml version="1.0" encoding="UTF-8"?>
<testng-results skipped="0" failed="0" ignored="0" total="2" passed="2">
  <reporter-output>
  </reporter-output>
  <suite name="Amazon Test Automation Script" duration-ms="32007" started-at="2020-04-16T01:54:42Z" finished-at="2020-04-16T01:55:14Z">
    <groups>
    </groups>
    <test name="Amazon Home" duration-ms="32007" started-at="2020-04-16T01:54:42Z" finished-at="2020-04-16T01:55:14Z">
      <class name="search.TestSearch">
        <test-method status="PASS" signature="setUp()[pri:0, instance:search.TestSearch@4cb2c100]" name="setUp" is-config="true" duration-ms="11351" started-at="2020-04-16T01:54:58Z" finished-at="2020-04-16T01:55:10Z">
          <reporter-output>
          </reporter-output>
        </test-method> <!-- setUp -->
        <test-method status="PASS" signature="testTypingOnSearchBox()[pri:0, instance:search.TestSearch@4cb2c100]" name="testTypingOnSearchBox" duration-ms="846" started-at="2020-04-16T01:55:10Z" finished-at="2020-04-16T01:55:10Z">
          <reporter-output>
          </reporter-output>
        </test-method> <!-- testTypingOnSearchBox -->
        <test-method status="PASS" signature="cleanUp()[pri:0, instance:search.TestSearch@4cb2c100]" name="cleanUp" is-config="true" duration-ms="3223" started-at="2020-04-16T01:55:10Z" finished-at="2020-04-16T01:55:14Z">
          <reporter-output>
          </reporter-output>
        </test-method> <!-- cleanUp -->
      </class> <!-- search.TestSearch -->
      <class name="search.TestAmazonTitle">
        <test-method status="PASS" signature="setUp()[pri:0, instance:search.TestAmazonTitle@3f2a3a5]" name="setUp" is-config="true" duration-ms="13544" started-at="2020-04-16T01:54:42Z" finished-at="2020-04-16T01:54:55Z">
          <reporter-output>
          </reporter-output>
        </test-method> <!-- setUp -->
        <test-method status="PASS" signature="testTitle()[pri:0, instance:search.TestAmazonTitle@3f2a3a5]" name="testTitle" duration-ms="67" started-at="2020-04-16T01:54:55Z" finished-at="2020-04-16T01:54:55Z">
          <reporter-output>
          </reporter-output>
        </test-method> <!-- testTitle -->
        <test-method status="PASS" signature="cleanUp()[pri:0, instance:search.TestAmazonTitle@3f2a3a5]" name="cleanUp" is-config="true" duration-ms="2935" started-at="2020-04-16T01:54:55Z" finished-at="2020-04-16T01:54:58Z">
          <reporter-output>
          </reporter-output>
        </test-method> <!-- cleanUp -->
      </class> <!-- search.TestAmazonTitle -->
    </test> <!-- Amazon Home -->
  </suite> <!-- Amazon Test Automation Script -->
</testng-results>
